<?xml version="1.0" encoding="UTF-8"?>
<testsuite name='test.com.liferay.cdi.weld.container.itests' tests='6' time='0.44' failures='0' skipped='0' target='reference:file:/home/rotty/.m2/repository/com/liferay/cdi/com.liferay.cdi.weld.container.itests/0.0.1-SNAPSHOT/com.liferay.cdi.weld.container.itests-0.0.1-SNAPSHOT.jar' timestamp='2016-11-09T23:56:35' hostname='rotty-XPS-13-9350' framework='org.eclipse.osgi_3.10.100.v20150529-1857 [0]' errors='0' framework-version='3.10.100.v20150529-1857'>
  <properties>
    <property name='java.vendor' value='Oracle Corporation'/>
    <property name='org.osgi.service.http.port' value='8080'/>
    <property name='sun.java.launcher' value='SUN_STANDARD'/>
    <property name='sun.management.compiler' value='HotSpot 64-Bit Tiered Compilers'/>
    <property name='os.name' value='Linux'/>
    <property name='sun.boot.class.path' value='/usr/lib/jvm/java-8-openjdk-amd64/jre/lib/resources.jar:/usr/lib/jvm/java-8-openjdk-amd64/jre/lib/rt.jar:/usr/lib/jvm/java-8-openjdk-amd64/jre/lib/sunrsasign.jar:/usr/lib/jvm/java-8-openjdk-amd64/jre/lib/jsse.jar:/usr/lib/jvm/java-8-openjdk-amd64/jre/lib/jce.jar:/usr/lib/jvm/java-8-openjdk-amd64/jre/lib/charsets.jar:/usr/lib/jvm/java-8-openjdk-amd64/jre/lib/jfr.jar:/usr/lib/jvm/java-8-openjdk-amd64/jre/classes'/>
    <property name='tester.continuous' value='false'/>
    <property name='sun.desktop' value='gnome'/>
    <property name='java.vm.specification.vendor' value='Oracle Corporation'/>
    <property name='java.runtime.version' value='1.8.0_111-8u111-b14-2ubuntu0.16.04.2-b14'/>
    <property name='launch.services' value='true'/>
    <property name='launch.notificationPort' value='-1'/>
    <property name='launcher.properties' value='"/home/rotty/projects/liferay-cdi-osgi/liferay-cdi-weld-container-itests-run/generated/launch311774580879705075.properties"'/>
    <property name='user.name' value='rotty'/>
    <property name='launch.bundles' value='/home/rotty/.m2/repository/com/liferay/cdi/com.liferay.cdi.osgi.api/0.1.0-SNAPSHOT/com.liferay.cdi.osgi.api-0.1.0-SNAPSHOT.jar,/home/rotty/.m2/repository/com/liferay/cdi/com.liferay.cdi.weld.container/0.1.0-SNAPSHOT/com.liferay.cdi.weld.container-0.1.0-SNAPSHOT.jar,/home/rotty/.m2/repository/com/liferay/cdi/com.liferay.cdi.weld.container.itests/0.0.1-SNAPSHOT/com.liferay.cdi.weld.container.itests-0.0.1-SNAPSHOT.jar,/home/rotty/.m2/repository/javax/annotation/javax.annotation-api/1.2/javax.annotation-api-1.2.jar,/home/rotty/.m2/repository/javax/enterprise/cdi-api/1.2/cdi-api-1.2.jar,/home/rotty/.m2/repository/javax/interceptor/javax.interceptor-api/1.2/javax.interceptor-api-1.2.jar,/home/rotty/.m2/repository/org/jboss/classfilewriter/jboss-classfilewriter/1.1.2.Final/jboss-classfilewriter-1.1.2.Final.jar,/home/rotty/.m2/repository/org/apache/aries/jndi/org.apache.aries.jndi.api/1.1.0/org.apache.aries.jndi.api-1.1.0.jar,/home/rotty/.m2/repository/org/apache/aries/jndi/org.apache.aries.jndi.core/1.0.2/org.apache.aries.jndi.core-1.0.2.jar,/home/rotty/.m2/repository/org/apache/aries/org.apache.aries.util/1.0.0/org.apache.aries.util-1.0.0.jar,/home/rotty/.m2/repository/org/apache/felix/org.apache.felix.configadmin/1.8.8/org.apache.felix.configadmin-1.8.8.jar,/home/rotty/.m2/repository/org/apache/felix/org.apache.felix.scr/2.0.2/org.apache.felix.scr-2.0.2.jar,/home/rotty/.m2/repository/org/apache/logging/log4j/log4j-api/2.7/log4j-api-2.7.jar,/home/rotty/.m2/repository/org/osgi/org.eclipse.equinox.metatype/1.4.100.v20150408-1437/org.eclipse.equinox.metatype-1.4.100.v20150408-1437.jar,/home/rotty/.m2/repository/org/glassfish/hk2/external/javax.inject/2.5.0-b27/javax.inject-2.5.0-b27.jar,/home/rotty/.m2/repository/org/jboss/logging/jboss-logging/3.2.1.Final/jboss-logging-3.2.1.Final.jar,/home/rotty/.m2/repository/org/jboss/spec/javax/el/jboss-el-api_3.0_spec/1.0.0.Alpha1/jboss-el-api_3.0_spec-1.0.0.Alpha1.jar,/home/rotty/.m2/repository/org/jboss/weld/weld-osgi-bundle/2.4.0.Final/weld-osgi-bundle-2.4.0.Final.jar,/home/rotty/.m2/repository/org/osgi/org.osgi.service.metatype/1.3.0/org.osgi.service.metatype-1.3.0.jar,/home/rotty/.m2/repository/org/osgi/osgi.enroute.hamcrest.wrapper/1.3.0/osgi.enroute.hamcrest.wrapper-1.3.0.jar,/home/rotty/.m2/repository/org/osgi/osgi.enroute.junit.wrapper/4.12.0/osgi.enroute.junit.wrapper-4.12.0.jar,/home/rotty/.m2/repository/org/osgi/osgi.enroute.logger.simple.provider/2.0.0/osgi.enroute.logger.simple.provider-2.0.0.jar,/home/rotty/.bnd/default-ws/cnf/cache/3.4.0/bnd-cache/biz.aQute.tester/biz.aQute.tester-3.4.0.jar'/>
    <property name='tester.trace' value='true'/>
    <property name='user.language' value='en'/>
    <property name='sun.boot.library.path' value='/usr/lib/jvm/java-8-openjdk-amd64/jre/lib/amd64'/>
    <property name='java.version' value='1.8.0_111'/>
    <property name='user.timezone' value='America/Toronto'/>
    <property name='tester.dir' value='/home/rotty/projects/liferay-cdi-osgi/liferay-cdi-weld-container-itests-run'/>
    <property name='sun.arch.data.model' value='64'/>
    <property name='tester.unresolved' value='true'/>
    <property name='java.endorsed.dirs' value='/usr/lib/jvm/java-8-openjdk-amd64/jre/lib/endorsed'/>
    <property name='sun.cpu.isalist' value=''/>
    <property name='sun.jnu.encoding' value='UTF-8'/>
    <property name='file.encoding.pkg' value='sun.io'/>
    <property name='launch.noreferences' value='false'/>
    <property name='file.separator' value='/'/>
    <property name='java.specification.name' value='Java Platform API Specification'/>
    <property name='java.class.version' value='52.0'/>
    <property name='user.country' value='CA'/>
    <property name='java.home' value='/usr/lib/jvm/java-8-openjdk-amd64/jre'/>
    <property name='java.vm.info' value='mixed mode'/>
    <property name='os.version' value='4.6.0-040600rc3-generic'/>
    <property name='path.separator' value=':'/>
    <property name='java.vm.version' value='25.111-b14'/>
    <property name='osgi.console' value='11311'/>
    <property name='java.awt.printerjob' value='sun.print.PSPrinterJob'/>
    <property name='sun.io.unicode.encoding' value='UnicodeLittle'/>
    <property name='awt.toolkit' value='sun.awt.X11.XToolkit'/>
    <property name='user.home' value='/home/rotty'/>
    <property name='java.specification.vendor' value='Oracle Corporation'/>
    <property name='java.library.path' value='/usr/java/packages/lib/amd64:/usr/lib/x86_64-linux-gnu/jni:/lib/x86_64-linux-gnu:/usr/lib/x86_64-linux-gnu:/usr/lib/jni:/lib:/usr/lib'/>
    <property name='java.vendor.url' value='http://java.oracle.com/'/>
    <property name='java.vm.vendor' value='Oracle Corporation'/>
    <property name='java.runtime.name' value='OpenJDK Runtime Environment'/>
    <property name='sun.java.command' value='aQute.launcher.Launcher'/>
    <property name='java.class.path' value='/home/rotty/.m2/repository/org/osgi/org.eclipse.osgi/3.10.100.v20150529-1857/org.eclipse.osgi-3.10.100.v20150529-1857.jar:/home/rotty/.bnd/default-ws/cnf/cache/3.4.0/bnd-cache/biz.aQute.launcher/biz.aQute.launcher-3.4.0.jar'/>
    <property name='launch.system.capabilities' value='osgi.native;osgi.native.osname:List&lt;String&gt;=Linux;osgi.native.osversion:Version="4.6.0.-040600rc3-generic";osgi.native.processor:List&lt;String&gt;="x86-64,amd64,em64t,x86_64";osgi.native.language=en_CA'/>
    <property name='launch.name' value='liferay-cdi-weld-container-itests-run'/>
    <property name='launch.timeout' value='0'/>
    <property name='launch.storage.dir' value='/home/rotty/projects/liferay-cdi-osgi/liferay-cdi-weld-container-itests-run/generated/fw'/>
    <property name='launch.keep' value='false'/>
    <property name='java.vm.specification.name' value='Java Virtual Machine Specification'/>
    <property name='java.vm.specification.version' value='1.8'/>
    <property name='sun.cpu.endian' value='little'/>
    <property name='sun.os.patch.level' value='unknown'/>
    <property name='java.io.tmpdir' value='/tmp'/>
    <property name='java.vendor.url.bug' value='http://bugreport.sun.com/bugreport/'/>
    <property name='os.arch' value='amd64'/>
    <property name='java.awt.graphicsenv' value='sun.awt.X11GraphicsEnvironment'/>
    <property name='java.ext.dirs' value='/usr/lib/jvm/java-8-openjdk-amd64/jre/lib/ext:/usr/java/packages/lib/ext'/>
    <property name='user.dir' value='/home/rotty/projects/liferay-cdi-osgi/liferay-cdi-weld-container-itests-run/tmp'/>
    <property name='launch.trace' value='true'/>
    <property name='line.separator' value='
'/>
    <property name='java.vm.name' value='OpenJDK 64-Bit Server VM'/>
    <property name='launch.embedded' value='false'/>
    <property name='launch.activators' value=''/>
    <property name='osgi.console.enable.builtin' value='false'/>
    <property name='file.encoding' value='UTF-8'/>
    <property name='launch.system.packages' value='javax.script,org.eclipse.core.runtime.adaptor;x-friends:="org.eclipse.core.runtime",org.eclipse.core.runtime.internal.adaptor;x-internal:=true,org.eclipse.equinox.log;version="1.0",org.eclipse.osgi.container;version="1.0",org.eclipse.osgi.container.builders;version="1.0",org.eclipse.osgi.container.namespaces;version="1.0",org.eclipse.osgi.framework.console;version="1.1",org.eclipse.osgi.framework.eventmgr;version="1.2",org.eclipse.osgi.framework.internal.reliablefile;x-internal:=true,org.eclipse.osgi.framework.log;version="1.1",org.eclipse.osgi.framework.util;x-internal:=true,org.eclipse.osgi.internal.debug;x-internal:=true,org.eclipse.osgi.internal.framework;x-internal:=true,org.eclipse.osgi.internal.hookregistry;x-friends:="org.eclipse.osgi.tests",org.eclipse.osgi.internal.loader;x-internal:=true,org.eclipse.osgi.internal.loader.buddy;x-internal:=true,org.eclipse.osgi.internal.loader.classpath;x-internal:=true,org.eclipse.osgi.internal.loader.sources;x-internal:=true,org.eclipse.osgi.internal.location;x-internal:=true,org.eclipse.osgi.internal.messages;x-internal:=true,org.eclipse.osgi.internal.provisional.service.security;version="1.0.0";x-friends:="org.eclipse.equinox.security.ui",org.eclipse.osgi.internal.provisional.verifier;x-friends:="org.eclipse.update.core,org.eclipse.ui.workbench,org.eclipse.equinox.p2.artifact.repository",org.eclipse.osgi.internal.service.security;x-friends:="org.eclipse.equinox.security.ui",org.eclipse.osgi.internal.serviceregistry;x-internal:=true,org.eclipse.osgi.internal.signedcontent;x-internal:=true,org.eclipse.osgi.internal.url;x-internal:=true,org.eclipse.osgi.launch;version="1.0",org.eclipse.osgi.report.resolution;version="1.0",org.eclipse.osgi.service.datalocation;version="1.3",org.eclipse.osgi.service.debug;version="1.2",org.eclipse.osgi.service.environment;version="1.3",org.eclipse.osgi.service.localization;version="1.1",org.eclipse.osgi.service.pluginconversion;version="1.0",org.eclipse.osgi.service.resolver;version="1.6",org.eclipse.osgi.service.runnable;version="1.1",org.eclipse.osgi.service.security;version="1.0",org.eclipse.osgi.service.urlconversion;version="1.0",org.eclipse.osgi.signedcontent;version="1.0",org.eclipse.osgi.storage;x-friends:="org.eclipse.osgi.tests",org.eclipse.osgi.storage.bundlefile;x-internal:=true,org.eclipse.osgi.storage.url.reference;x-internal:=true,org.eclipse.osgi.storagemanager;version="1.0",org.eclipse.osgi.util;version="1.1",org.osgi.dto;version="1.0",org.osgi.framework;version="1.8",org.osgi.framework.dto;version="1.8",org.osgi.framework.hooks.bundle;version="1.1",org.osgi.framework.hooks.resolver;version="1.0",org.osgi.framework.hooks.service;version="1.1",org.osgi.framework.hooks.weaving;version="1.1",org.osgi.framework.launch;version="1.2",org.osgi.framework.namespace;version="1.1",org.osgi.framework.startlevel;version="1.0",org.osgi.framework.startlevel.dto;version="1.0",org.osgi.framework.wiring;version="1.2",org.osgi.framework.wiring.dto;version="1.2",org.osgi.resource;version="1.0",org.osgi.resource.dto;version="1.0",org.osgi.service.condpermadmin;version="1.1.1",org.osgi.service.log;version="1.3",org.osgi.service.packageadmin;version="1.2",org.osgi.service.permissionadmin;version="1.2",org.osgi.service.resolver;version="1.0.1",org.osgi.service.startlevel;version="1.1",org.osgi.service.url;version="1.0",org.osgi.util.tracker;version="1.5.1"'/>
    <property name='java.specification.version' value='1.8'/>
  </properties>
  <testcase name='testGetContainerFromServiceReference' time='0.14' classname='com.liferay.cdi.weld.container.test.ContainerTests'>
    <system-out>
      javax.enterprise.inject.spi.Interceptor
     org.jboss.weld.bean.builtin.EventMetadataBean
      
     org.jboss.weld.context.conversation.ConversationImpl
      
     org.jboss.weld.bootstrap.WeldExtension
     org.jboss.weld.event.EventImpl
      
     javax.enterprise.inject.spi.Decorator
     javax.enterprise.inject.spi.Bean
      
     com.liferay.cdi.weld.container.test.bean.SimpleBean

           org.jboss.weld.bean.builtin.BeanManagerProxy
     org.jboss.weld.bean.builtin.InstanceImpl
      
     org.jboss.weld.manager.BeanManagerImpl
     org.jboss.weld.bean.builtin.InjectionPointBean
      
     com.liferay.cdi.weld.container.test.bean.UsesBean
    </system-out>
  </testcase>
  <testcase name='testSimpleBeanFromContainer' time='0.0' classname='com.liferay.cdi.weld.container.test.ContainerTests'/>
  <testcase name='testBeanManagerFromJNDI' time='0.10' classname='com.liferay.cdi.weld.container.test.ContainerTests'/>
</testsuite>